{"level":"info","message":"Server running on port 5000 in development mode","service":"diamond-house-cleaning-api","timestamp":"2025-11-29T09:32:20.443Z"}
{"level":"info","message":"Connected to MongoDB","service":"diamond-house-cleaning-api","timestamp":"2025-11-29T09:32:20.597Z"}
{"ip":"::1","level":"info","message":"Request started","method":"GET","service":"diamond-house-cleaning-api","timestamp":"2025-11-29T09:32:34.366Z","url":"/api/v1/health","userAgent":"curl/8.16.0","userId":null}
{"level":"info","message":"::1 - - [29/Nov/2025:09:32:34 +0000] \"GET /api/v1/health HTTP/1.1\" 200 113 \"-\" \"curl/8.16.0\" - 6.968 ms","service":"diamond-house-cleaning-api","timestamp":"2025-11-29T09:32:34.377Z"}
{"duration":"12ms","level":"info","message":"Request completed","method":"GET","service":"diamond-house-cleaning-api","status":200,"timestamp":"2025-11-29T09:32:34.378Z","url":"/api/v1/health","userId":null}
{"ip":"::1","level":"info","message":"Request started","method":"POST","service":"diamond-house-cleaning-api","timestamp":"2025-11-29T09:32:40.720Z","url":"/api/v1/auth/register","userAgent":"curl/8.16.0","userId":null}
{"level":"info","message":"::1 - - [29/Nov/2025:09:32:40 +0000] \"POST /api/v1/auth/register HTTP/1.1\" 400 1194 \"-\" \"curl/8.16.0\" - 39.452 ms","service":"diamond-house-cleaning-api","timestamp":"2025-11-29T09:32:40.760Z"}
{"duration":"41ms","level":"info","message":"Request completed","method":"POST","service":"diamond-house-cleaning-api","status":400,"timestamp":"2025-11-29T09:32:40.761Z","url":"/api/v1/auth/register","userId":null}
{"ip":"::1","level":"info","message":"Request started","method":"POST","service":"diamond-house-cleaning-api","timestamp":"2025-11-29T09:32:46.784Z","url":"/api/v1/auth/register","userAgent":"curl/8.16.0","userId":null}
{"level":"error","message":"Registration error: next is not a function","service":"diamond-house-cleaning-api","stack":"TypeError: next is not a function\n    at model.<anonymous> (c:\\diamond house\\Diamond Websites\\diamond-house-cleaning\\server\\src\\models\\User.js:175:5)\n    at async Kareem.execPre (c:\\diamond house\\Diamond Websites\\diamond-house-cleaning\\server\\node_modules\\kareem\\index.js:65:24)\n    at async model.$__save (c:\\diamond house\\Diamond Websites\\diamond-house-cleaning\\server\\node_modules\\mongoose\\lib\\model.js:369:5)\n    at async model.save (c:\\diamond house\\Diamond Websites\\diamond-house-cleaning\\server\\node_modules\\mongoose\\lib\\model.js:609:5)\n    at async c:\\diamond house\\Diamond Websites\\diamond-house-cleaning\\server\\node_modules\\mongoose\\lib\\model.js:2722:9\n    at async Promise.all (index 0)\n    at async Function.create (c:\\diamond house\\Diamond Websites\\diamond-house-cleaning\\server\\node_modules\\mongoose\\lib\\model.js:2707:11)\n    at async register (c:\\diamond house\\Diamond Websites\\diamond-house-cleaning\\server\\src\\controllers\\authController.js:40:18)","timestamp":"2025-11-29T09:32:47.514Z"}
{"level":"info","message":"::1 - - [29/Nov/2025:09:32:47 +0000] \"POST /api/v1/auth/register HTTP/1.1\" 500 82 \"-\" \"curl/8.16.0\" - 730.957 ms","service":"diamond-house-cleaning-api","timestamp":"2025-11-29T09:32:47.516Z"}
{"duration":"732ms","level":"info","message":"Request completed","method":"POST","service":"diamond-house-cleaning-api","status":500,"timestamp":"2025-11-29T09:32:47.516Z","url":"/register","userId":null}
{"level":"info","message":"Server running on port 5000 in development mode","service":"diamond-house-cleaning-api","timestamp":"2025-11-29T09:33:05.776Z"}
{"level":"info","message":"Connected to MongoDB","service":"diamond-house-cleaning-api","timestamp":"2025-11-29T09:33:05.871Z"}
{"ip":"::1","level":"info","message":"Request started","method":"POST","service":"diamond-house-cleaning-api","timestamp":"2025-11-29T09:33:09.324Z","url":"/api/v1/auth/register","userAgent":"curl/8.16.0","userId":null}
{"level":"error","message":"Registration error: next is not a function","service":"diamond-house-cleaning-api","stack":"TypeError: next is not a function\n    at model.<anonymous> (c:\\diamond house\\Diamond Websites\\diamond-house-cleaning\\server\\src\\models\\User.js:168:44)\n    at Kareem.execPre (c:\\diamond house\\Diamond Websites\\diamond-house-cleaning\\server\\node_modules\\kareem\\index.js:63:39)\n    at process.processTicksAndRejections (node:internal/process/task_queues:105:5)\n    at async model.$__save (c:\\diamond house\\Diamond Websites\\diamond-house-cleaning\\server\\node_modules\\mongoose\\lib\\model.js:369:5)\n    at async model.save (c:\\diamond house\\Diamond Websites\\diamond-house-cleaning\\server\\node_modules\\mongoose\\lib\\model.js:609:5)\n    at async register (c:\\diamond house\\Diamond Websites\\diamond-house-cleaning\\server\\src\\controllers\\authController.js:54:5)","timestamp":"2025-11-29T09:33:09.543Z"}
{"level":"info","message":"::1 - - [29/Nov/2025:09:33:09 +0000] \"POST /api/v1/auth/register HTTP/1.1\" 500 82 \"-\" \"curl/8.16.0\" - 222.307 ms","service":"diamond-house-cleaning-api","timestamp":"2025-11-29T09:33:09.550Z"}
{"duration":"227ms","level":"info","message":"Request completed","method":"POST","service":"diamond-house-cleaning-api","status":500,"timestamp":"2025-11-29T09:33:09.551Z","url":"/register","userId":null}
{"level":"error","message":"Uncaught Exception:","service":"diamond-house-cleaning-api","timestamp":"2025-11-29T09:33:10.022Z"}
{"level":"info","message":"Server running on port 5000 in development mode","service":"diamond-house-cleaning-api","timestamp":"2025-11-29T09:33:25.588Z"}
{"level":"info","message":"Connected to MongoDB","service":"diamond-house-cleaning-api","timestamp":"2025-11-29T09:33:25.639Z"}
{"ip":"::1","level":"info","message":"Request started","method":"POST","service":"diamond-house-cleaning-api","timestamp":"2025-11-29T09:33:29.472Z","url":"/api/v1/auth/register","userAgent":"curl/8.16.0","userId":null}
{"level":"info","message":"::1 - - [29/Nov/2025:09:33:29 +0000] \"POST /api/v1/auth/register HTTP/1.1\" 400 54 \"-\" \"curl/8.16.0\" - 63.606 ms","service":"diamond-house-cleaning-api","timestamp":"2025-11-29T09:33:29.538Z"}
{"duration":"69ms","level":"info","message":"Request completed","method":"POST","service":"diamond-house-cleaning-api","status":400,"timestamp":"2025-11-29T09:33:29.540Z","url":"/register","userId":null}
{"ip":"::1","level":"info","message":"Request started","method":"POST","service":"diamond-house-cleaning-api","timestamp":"2025-11-29T09:33:35.994Z","url":"/api/v1/auth/register","userAgent":"curl/8.16.0","userId":null}
{"level":"error","message":"Registration error: next is not a function","service":"diamond-house-cleaning-api","stack":"TypeError: next is not a function\n    at model.<anonymous> (c:\\diamond house\\Diamond Websites\\diamond-house-cleaning\\server\\src\\models\\User.js:169:12)\n    at Kareem.execPre (c:\\diamond house\\Diamond Websites\\diamond-house-cleaning\\server\\node_modules\\kareem\\index.js:63:39)\n    at process.processTicksAndRejections (node:internal/process/task_queues:105:5)\n    at async model.$__save (c:\\diamond house\\Diamond Websites\\diamond-house-cleaning\\server\\node_modules\\mongoose\\lib\\model.js:369:5)\n    at async model.save (c:\\diamond house\\Diamond Websites\\diamond-house-cleaning\\server\\node_modules\\mongoose\\lib\\model.js:609:5)\n    at async register (c:\\diamond house\\Diamond Websites\\diamond-house-cleaning\\server\\src\\controllers\\authController.js:54:5)","timestamp":"2025-11-29T09:33:36.143Z"}
{"level":"info","message":"::1 - - [29/Nov/2025:09:33:36 +0000] \"POST /api/v1/auth/register HTTP/1.1\" 500 82 \"-\" \"curl/8.16.0\" - 150.276 ms","service":"diamond-house-cleaning-api","timestamp":"2025-11-29T09:33:36.144Z"}
{"duration":"151ms","level":"info","message":"Request completed","method":"POST","service":"diamond-house-cleaning-api","status":500,"timestamp":"2025-11-29T09:33:36.144Z","url":"/register","userId":null}
{"level":"error","message":"Uncaught Exception:","service":"diamond-house-cleaning-api","timestamp":"2025-11-29T09:33:36.653Z"}
{"level":"info","message":"Server running on port 5000 in development mode","service":"diamond-house-cleaning-api","timestamp":"2025-11-29T09:33:50.399Z"}
{"level":"info","message":"Connected to MongoDB","service":"diamond-house-cleaning-api","timestamp":"2025-11-29T09:33:50.483Z"}
{"ip":"::1","level":"info","message":"Request started","method":"POST","service":"diamond-house-cleaning-api","timestamp":"2025-11-29T09:33:56.243Z","url":"/api/v1/auth/register","userAgent":"curl/8.16.0","userId":null}
{"level":"info","message":"::1 - - [29/Nov/2025:09:33:56 +0000] \"POST /api/v1/auth/register HTTP/1.1\" 400 54 \"-\" \"curl/8.16.0\" - 76.198 ms","service":"diamond-house-cleaning-api","timestamp":"2025-11-29T09:33:56.322Z"}
{"duration":"81ms","level":"info","message":"Request completed","method":"POST","service":"diamond-house-cleaning-api","status":400,"timestamp":"2025-11-29T09:33:56.324Z","url":"/register","userId":null}
{"ip":"::1","level":"info","message":"Request started","method":"POST","service":"diamond-house-cleaning-api","timestamp":"2025-11-29T09:34:02.450Z","url":"/api/v1/auth/register","userAgent":"curl/8.16.0","userId":null}
{"level":"error","message":"Registration error: next is not a function","service":"diamond-house-cleaning-api","stack":"TypeError: next is not a function\n    at model.<anonymous> (c:\\diamond house\\Diamond Websites\\diamond-house-cleaning\\server\\src\\models\\User.js:169:12)\n    at Kareem.execPre (c:\\diamond house\\Diamond Websites\\diamond-house-cleaning\\server\\node_modules\\kareem\\index.js:63:39)\n    at process.processTicksAndRejections (node:internal/process/task_queues:105:5)\n    at async model.$__save (c:\\diamond house\\Diamond Websites\\diamond-house-cleaning\\server\\node_modules\\mongoose\\lib\\model.js:369:5)\n    at async model.save (c:\\diamond house\\Diamond Websites\\diamond-house-cleaning\\server\\node_modules\\mongoose\\lib\\model.js:609:5)\n    at async register (c:\\diamond house\\Diamond Websites\\diamond-house-cleaning\\server\\src\\controllers\\authController.js:54:5)","timestamp":"2025-11-29T09:34:02.601Z"}
{"level":"info","message":"::1 - - [29/Nov/2025:09:34:02 +0000] \"POST /api/v1/auth/register HTTP/1.1\" 500 82 \"-\" \"curl/8.16.0\" - 151.698 ms","service":"diamond-house-cleaning-api","timestamp":"2025-11-29T09:34:02.602Z"}
{"duration":"153ms","level":"info","message":"Request completed","method":"POST","service":"diamond-house-cleaning-api","status":500,"timestamp":"2025-11-29T09:34:02.603Z","url":"/register","userId":null}
{"level":"error","message":"Uncaught Exception:","service":"diamond-house-cleaning-api","timestamp":"2025-11-29T09:34:03.059Z"}
{"level":"info","message":"Server running on port 5000 in development mode","service":"diamond-house-cleaning-api","timestamp":"2025-11-29T09:34:16.655Z"}
{"level":"info","message":"Connected to MongoDB","service":"diamond-house-cleaning-api","timestamp":"2025-11-29T09:34:16.749Z"}
{"ip":"::1","level":"info","message":"Request started","method":"POST","service":"diamond-house-cleaning-api","timestamp":"2025-11-29T09:34:22.988Z","url":"/api/v1/auth/register","userAgent":"curl/8.16.0","userId":null}
{"level":"info","message":"::1 - - [29/Nov/2025:09:34:23 +0000] \"POST /api/v1/auth/register HTTP/1.1\" 400 54 \"-\" \"curl/8.16.0\" - 75.388 ms","service":"diamond-house-cleaning-api","timestamp":"2025-11-29T09:34:23.066Z"}
{"duration":"81ms","level":"info","message":"Request completed","method":"POST","service":"diamond-house-cleaning-api","status":400,"timestamp":"2025-11-29T09:34:23.068Z","url":"/register","userId":null}
{"ip":"::1","level":"info","message":"Request started","method":"POST","service":"diamond-house-cleaning-api","timestamp":"2025-11-29T09:34:29.106Z","url":"/api/v1/auth/register","userAgent":"curl/8.16.0","userId":null}
{"level":"error","message":"Registration error: next is not a function","service":"diamond-house-cleaning-api","stack":"TypeError: next is not a function\n    at model.<anonymous> (c:\\diamond house\\Diamond Websites\\diamond-house-cleaning\\server\\src\\models\\User.js:177:5)\n    at async Kareem.execPre (c:\\diamond house\\Diamond Websites\\diamond-house-cleaning\\server\\node_modules\\kareem\\index.js:65:24)\n    at async model.$__save (c:\\diamond house\\Diamond Websites\\diamond-house-cleaning\\server\\node_modules\\mongoose\\lib\\model.js:369:5)\n    at async model.save (c:\\diamond house\\Diamond Websites\\diamond-house-cleaning\\server\\node_modules\\mongoose\\lib\\model.js:609:5)\n    at async c:\\diamond house\\Diamond Websites\\diamond-house-cleaning\\server\\node_modules\\mongoose\\lib\\model.js:2722:9\n    at async Promise.all (index 0)\n    at async Function.create (c:\\diamond house\\Diamond Websites\\diamond-house-cleaning\\server\\node_modules\\mongoose\\lib\\model.js:2707:11)\n    at async register (c:\\diamond house\\Diamond Websites\\diamond-house-cleaning\\server\\src\\controllers\\authController.js:40:18)","timestamp":"2025-11-29T09:34:29.608Z"}
{"level":"info","message":"::1 - - [29/Nov/2025:09:34:29 +0000] \"POST /api/v1/auth/register HTTP/1.1\" 500 82 \"-\" \"curl/8.16.0\" - 503.786 ms","service":"diamond-house-cleaning-api","timestamp":"2025-11-29T09:34:29.610Z"}
{"duration":"506ms","level":"info","message":"Request completed","method":"POST","service":"diamond-house-cleaning-api","status":500,"timestamp":"2025-11-29T09:34:29.612Z","url":"/register","userId":null}
{"level":"info","message":"Server running on port 5000 in development mode","service":"diamond-house-cleaning-api","timestamp":"2025-11-29T09:34:41.296Z"}
{"level":"info","message":"Connected to MongoDB","service":"diamond-house-cleaning-api","timestamp":"2025-11-29T09:34:41.355Z"}
{"ip":"::1","level":"info","message":"Request started","method":"POST","service":"diamond-house-cleaning-api","timestamp":"2025-11-29T09:34:45.519Z","url":"/api/v1/auth/register","userAgent":"curl/8.16.0","userId":null}
{"level":"info","message":"New user registered: alice@example.com","service":"diamond-house-cleaning-api","timestamp":"2025-11-29T09:34:45.639Z"}
{"level":"info","message":"::1 - - [29/Nov/2025:09:34:45 +0000] \"POST /api/v1/auth/register HTTP/1.1\" 201 618 \"-\" \"curl/8.16.0\" - 123.671 ms","service":"diamond-house-cleaning-api","timestamp":"2025-11-29T09:34:45.647Z"}
{"duration":"128ms","level":"info","message":"Request completed","method":"POST","service":"diamond-house-cleaning-api","status":201,"timestamp":"2025-11-29T09:34:45.647Z","url":"/register","userId":null}
{"ip":"::1","level":"info","message":"Request started","method":"GET","service":"diamond-house-cleaning-api","timestamp":"2025-11-29T09:35:22.037Z","url":"/api/v1/services","userAgent":"curl/8.16.0","userId":null}
{"level":"info","message":"::1 - - [29/Nov/2025:09:35:22 +0000] \"GET /api/v1/services HTTP/1.1\" 200 138 \"-\" \"curl/8.16.0\" - 81.121 ms","service":"diamond-house-cleaning-api","timestamp":"2025-11-29T09:35:22.119Z"}
{"duration":"83ms","level":"info","message":"Request completed","method":"GET","service":"diamond-house-cleaning-api","status":200,"timestamp":"2025-11-29T09:35:22.120Z","url":"/","userId":null}
{"ip":"::1","level":"info","message":"Request started","method":"GET","service":"diamond-house-cleaning-api","timestamp":"2025-11-29T09:36:06.866Z","url":"/api/v1/services","userAgent":"curl/8.16.0","userId":null}
{"level":"info","message":"::1 - - [29/Nov/2025:09:36:06 +0000] \"GET /api/v1/services HTTP/1.1\" 200 138 \"-\" \"curl/8.16.0\" - 11.457 ms","service":"diamond-house-cleaning-api","timestamp":"2025-11-29T09:36:06.878Z"}
{"duration":"13ms","level":"info","message":"Request completed","method":"GET","service":"diamond-house-cleaning-api","status":200,"timestamp":"2025-11-29T09:36:06.879Z","url":"/","userId":null}
{"ip":"::1","level":"info","message":"Request started","method":"POST","service":"diamond-house-cleaning-api","timestamp":"2025-11-29T09:36:20.920Z","url":"/api/v1/auth/login","userAgent":"curl/8.16.0","userId":null}
{"level":"info","message":"::1 - - [29/Nov/2025:09:36:20 +0000] \"POST /api/v1/auth/login HTTP/1.1\" 401 49 \"-\" \"curl/8.16.0\" - 10.182 ms","service":"diamond-house-cleaning-api","timestamp":"2025-11-29T09:36:20.932Z"}
{"duration":"13ms","level":"info","message":"Request completed","method":"POST","service":"diamond-house-cleaning-api","status":401,"timestamp":"2025-11-29T09:36:20.933Z","url":"/login","userId":null}
{"ip":"::1","level":"info","message":"Request started","method":"POST","service":"diamond-house-cleaning-api","timestamp":"2025-11-29T09:36:36.227Z","url":"/api/v1/auth/register","userAgent":"curl/8.16.0","userId":null}
{"level":"info","message":"New user registered: admin@diamondhousecleaning.com","service":"diamond-house-cleaning-api","timestamp":"2025-11-29T09:36:36.255Z"}
{"level":"info","message":"::1 - - [29/Nov/2025:09:36:36 +0000] \"POST /api/v1/auth/register HTTP/1.1\" 201 628 \"-\" \"curl/8.16.0\" - 29.539 ms","service":"diamond-house-cleaning-api","timestamp":"2025-11-29T09:36:36.257Z"}
{"duration":"31ms","level":"info","message":"Request completed","method":"POST","service":"diamond-house-cleaning-api","status":201,"timestamp":"2025-11-29T09:36:36.257Z","url":"/register","userId":null}
{"level":"info","message":"Server running on port 5000 in development mode","service":"diamond-house-cleaning-api","timestamp":"2025-11-29T09:36:54.401Z"}
{"level":"info","message":"Connected to MongoDB","service":"diamond-house-cleaning-api","timestamp":"2025-11-29T09:36:54.520Z"}
{"ip":"::1","level":"info","message":"Request started","method":"POST","service":"diamond-house-cleaning-api","timestamp":"2025-11-29T09:37:19.347Z","url":"/api/v1/auth/login","userAgent":"curl/8.16.0","userId":null}
{"level":"info","message":"::1 - - [29/Nov/2025:09:37:19 +0000] \"POST /api/v1/auth/login HTTP/1.1\" 401 49 \"-\" \"curl/8.16.0\" - 84.595 ms","service":"diamond-house-cleaning-api","timestamp":"2025-11-29T09:37:19.439Z"}
{"duration":"95ms","level":"info","message":"Request completed","method":"POST","service":"diamond-house-cleaning-api","status":401,"timestamp":"2025-11-29T09:37:19.441Z","url":"/login","userId":null}
{"ip":"::1","level":"info","message":"Request started","method":"POST","service":"diamond-house-cleaning-api","timestamp":"2025-11-29T09:37:29.858Z","url":"/api/v1/auth/login","userAgent":"curl/8.16.0","userId":null}
{"level":"info","message":"::1 - - [29/Nov/2025:09:37:29 +0000] \"POST /api/v1/auth/login HTTP/1.1\" 401 49 \"-\" \"curl/8.16.0\" - 11.988 ms","service":"diamond-house-cleaning-api","timestamp":"2025-11-29T09:37:29.871Z"}
{"duration":"14ms","level":"info","message":"Request completed","method":"POST","service":"diamond-house-cleaning-api","status":401,"timestamp":"2025-11-29T09:37:29.872Z","url":"/login","userId":null}
{"ip":"::1","level":"info","message":"Request started","method":"POST","service":"diamond-house-cleaning-api","timestamp":"2025-11-29T09:38:02.137Z","url":"/api/v1/auth/login","userAgent":"curl/8.16.0","userId":null}
{"level":"info","message":"::1 - - [29/Nov/2025:09:38:02 +0000] \"POST /api/v1/auth/login HTTP/1.1\" 401 49 \"-\" \"curl/8.16.0\" - 8.337 ms","service":"diamond-house-cleaning-api","timestamp":"2025-11-29T09:38:02.146Z"}
{"duration":"10ms","level":"info","message":"Request completed","method":"POST","service":"diamond-house-cleaning-api","status":401,"timestamp":"2025-11-29T09:38:02.147Z","url":"/login","userId":null}
{"ip":"::1","level":"info","message":"Request started","method":"POST","service":"diamond-house-cleaning-api","timestamp":"2025-11-29T09:38:18.897Z","url":"/api/v1/auth/register","userAgent":"curl/8.16.0","userId":null}
{"level":"info","message":"::1 - - [29/Nov/2025:09:38:18 +0000] \"POST /api/v1/auth/register HTTP/1.1\" 400 54 \"-\" \"curl/8.16.0\" - 20.509 ms","service":"diamond-house-cleaning-api","timestamp":"2025-11-29T09:38:18.919Z"}
{"duration":"22ms","level":"info","message":"Request completed","method":"POST","service":"diamond-house-cleaning-api","status":400,"timestamp":"2025-11-29T09:38:18.919Z","url":"/register","userId":null}
{"ip":"::1","level":"info","message":"Request started","method":"GET","service":"diamond-house-cleaning-api","timestamp":"2025-11-29T09:40:11.803Z","url":"/api/v1/users/profile","userAgent":"Mozilla/5.0 (Windows NT 10.0; Win64; x64) AppleWebKit/537.36 (KHTML, like Gecko) Chrome/142.0.0.0 Safari/537.36 Edg/142.0.0.0","userId":null}
{"level":"info","message":"::1 - - [29/Nov/2025:09:40:11 +0000] \"GET /api/v1/users/profile HTTP/1.1\" 404 52 \"http://localhost:3000/\" \"Mozilla/5.0 (Windows NT 10.0; Win64; x64) AppleWebKit/537.36 (KHTML, like Gecko) Chrome/142.0.0.0 Safari/537.36 Edg/142.0.0.0\" - 16.496 ms","service":"diamond-house-cleaning-api","timestamp":"2025-11-29T09:40:11.822Z"}
{"duration":"21ms","level":"info","message":"Request completed","method":"GET","service":"diamond-house-cleaning-api","status":404,"timestamp":"2025-11-29T09:40:11.823Z","url":"/api/v1/users/profile","userId":null}
{"ip":"::1","level":"info","message":"Request started","method":"GET","service":"diamond-house-cleaning-api","timestamp":"2025-11-29T09:40:11.837Z","url":"/api/v1/users/profile","userAgent":"Mozilla/5.0 (Windows NT 10.0; Win64; x64) AppleWebKit/537.36 (KHTML, like Gecko) Chrome/142.0.0.0 Safari/537.36 Edg/142.0.0.0","userId":null}
{"level":"info","message":"::1 - - [29/Nov/2025:09:40:11 +0000] \"GET /api/v1/users/profile HTTP/1.1\" 404 52 \"http://localhost:3000/\" \"Mozilla/5.0 (Windows NT 10.0; Win64; x64) AppleWebKit/537.36 (KHTML, like Gecko) Chrome/142.0.0.0 Safari/537.36 Edg/142.0.0.0\" - 2.944 ms","service":"diamond-house-cleaning-api","timestamp":"2025-11-29T09:40:11.842Z"}
{"duration":"7ms","level":"info","message":"Request completed","method":"GET","service":"diamond-house-cleaning-api","status":404,"timestamp":"2025-11-29T09:40:11.844Z","url":"/api/v1/users/profile","userId":null}
{"level":"info","message":"Server running on port 5000 in development mode","service":"diamond-house-cleaning-api","timestamp":"2025-11-29T09:52:18.670Z"}
{"level":"info","message":"Connected to MongoDB","service":"diamond-house-cleaning-api","timestamp":"2025-11-29T09:52:22.025Z"}
{"level":"info","message":"Server running on port 5000 in development mode","service":"diamond-house-cleaning-api","timestamp":"2025-11-29T09:52:26.633Z"}
{"level":"info","message":"Connected to MongoDB","service":"diamond-house-cleaning-api","timestamp":"2025-11-29T09:52:27.091Z"}
{"level":"info","message":"Server running on port 5000 in development mode","service":"diamond-house-cleaning-api","timestamp":"2025-11-29T09:55:03.409Z"}
{"level":"info","message":"Connected to MongoDB","service":"diamond-house-cleaning-api","timestamp":"2025-11-29T09:55:03.810Z"}
{"level":"info","message":"Server running on port 5000 in development mode","service":"diamond-house-cleaning-api","timestamp":"2025-11-29T11:04:28.591Z"}
{"level":"info","message":"Connected to MongoDB","service":"diamond-house-cleaning-api","timestamp":"2025-11-29T11:04:29.022Z"}
{"level":"info","message":"SIGINT received, shutting down gracefully","service":"diamond-house-cleaning-api","timestamp":"2025-11-29T11:07:52.700Z"}
{"level":"info","message":"Server running on port 5000 in development mode","service":"diamond-house-cleaning-api","timestamp":"2025-11-29T11:09:00.710Z"}
{"level":"info","message":"Connected to MongoDB","service":"diamond-house-cleaning-api","timestamp":"2025-11-29T11:09:01.177Z"}
{"level":"info","message":"Server running on port 5000 in development mode","service":"diamond-house-cleaning-api","timestamp":"2025-11-29T11:19:22.466Z"}
{"level":"info","message":"Connected to MongoDB","service":"diamond-house-cleaning-api","timestamp":"2025-11-29T11:19:22.847Z"}
{"level":"info","message":"Server running on port 5000 in development mode","service":"diamond-house-cleaning-api","timestamp":"2025-11-29T12:02:47.740Z"}
{"level":"info","message":"Connected to MongoDB","service":"diamond-house-cleaning-api","timestamp":"2025-11-29T12:02:48.106Z"}
{"level":"info","message":"SIGINT received, shutting down gracefully","service":"diamond-house-cleaning-api","timestamp":"2025-11-29T12:03:01.301Z"}
{"level":"info","message":"Server running on port 5000 in development mode","service":"diamond-house-cleaning-api","timestamp":"2025-11-29T12:03:09.505Z"}
{"level":"info","message":"Connected to MongoDB","service":"diamond-house-cleaning-api","timestamp":"2025-11-29T12:03:09.800Z"}
{"level":"info","message":"Server running on port 5000 in development mode","service":"diamond-house-cleaning-api","timestamp":"2025-11-29T12:04:49.726Z"}
{"level":"info","message":"Connected to MongoDB","service":"diamond-house-cleaning-api","timestamp":"2025-11-29T12:04:50.192Z"}
{"level":"info","message":"Server running on port 5000 in development mode","service":"diamond-house-cleaning-api","timestamp":"2025-11-29T12:04:58.199Z"}
{"level":"info","message":"Connected to MongoDB","service":"diamond-house-cleaning-api","timestamp":"2025-11-29T12:04:58.627Z"}
{"level":"info","message":"Server running on port 5000 in development mode","service":"diamond-house-cleaning-api","timestamp":"2025-11-29T12:05:07.485Z"}
{"level":"info","message":"Connected to MongoDB","service":"diamond-house-cleaning-api","timestamp":"2025-11-29T12:05:07.847Z"}
{"level":"info","message":"Server running on port 5000 in development mode","service":"diamond-house-cleaning-api","timestamp":"2025-11-29T12:05:15.691Z"}
{"level":"info","message":"Connected to MongoDB","service":"diamond-house-cleaning-api","timestamp":"2025-11-29T12:05:16.116Z"}
{"level":"info","message":"Server running on port 5000 in development mode","service":"diamond-house-cleaning-api","timestamp":"2025-11-30T04:06:26.322Z"}
{"level":"info","message":"Connected to MongoDB","service":"diamond-house-cleaning-api","timestamp":"2025-11-30T04:06:26.681Z"}
{"level":"info","message":"Server running on port 5000 in development mode","service":"diamond-house-cleaning-api","timestamp":"2025-11-30T04:21:03.800Z"}
{"level":"info","message":"Connected to MongoDB","service":"diamond-house-cleaning-api","timestamp":"2025-11-30T04:21:04.249Z"}
{"level":"info","message":"Server running on port 5000 in development mode","service":"diamond-house-cleaning-api","timestamp":"2025-12-01T05:04:07.347Z"}
{"cause":{"commonWireVersion":0,"compatible":true,"heartbeatFrequencyMS":10000,"localThresholdMS":15,"logicalSessionTimeoutMinutes":null,"maxElectionId":null,"maxSetVersion":null,"servers":{"ac-hir92hi-shard-00-00.reaiec3.mongodb.net:27017":{"$clusterTime":null,"address":"ac-hir92hi-shard-00-00.reaiec3.mongodb.net:27017","arbiters":[],"electionId":null,"error":{"beforeHandshake":false,"errorLabelSet":{}},"hosts":[],"iscryptd":false,"lastUpdateTime":423543034,"lastWriteDate":0,"logicalSessionTimeoutMinutes":null,"maxBsonObjectSize":null,"maxMessageSizeBytes":null,"maxWireVersion":0,"maxWriteBatchSize":null,"me":null,"minRoundTripTime":0,"minWireVersion":0,"passives":[],"primary":null,"roundTripTime":-1,"setName":null,"setVersion":null,"tags":{},"topologyVersion":null,"type":"Unknown"},"ac-hir92hi-shard-00-01.reaiec3.mongodb.net:27017":{"$clusterTime":null,"address":"ac-hir92hi-shard-00-01.reaiec3.mongodb.net:27017","arbiters":[],"electionId":null,"error":{"beforeHandshake":false,"errorLabelSet":{}},"hosts":[],"iscryptd":false,"lastUpdateTime":423543230,"lastWriteDate":0,"logicalSessionTimeoutMinutes":null,"maxBsonObjectSize":null,"maxMessageSizeBytes":null,"maxWireVersion":0,"maxWriteBatchSize":null,"me":null,"minRoundTripTime":0,"minWireVersion":0,"passives":[],"primary":null,"roundTripTime":-1,"setName":null,"setVersion":null,"tags":{},"topologyVersion":null,"type":"Unknown"},"ac-hir92hi-shard-00-02.reaiec3.mongodb.net:27017":{"$clusterTime":null,"address":"ac-hir92hi-shard-00-02.reaiec3.mongodb.net:27017","arbiters":[],"electionId":null,"error":{"beforeHandshake":false,"errorLabelSet":{}},"hosts":[],"iscryptd":false,"lastUpdateTime":423543034,"lastWriteDate":0,"logicalSessionTimeoutMinutes":null,"maxBsonObjectSize":null,"maxMessageSizeBytes":null,"maxWireVersion":0,"maxWriteBatchSize":null,"me":null,"minRoundTripTime":0,"minWireVersion":0,"passives":[],"primary":null,"roundTripTime":-1,"setName":null,"setVersion":null,"tags":{},"topologyVersion":null,"type":"Unknown"}},"setName":"atlas-x25jhg-shard-0","stale":false,"type":"ReplicaSetNoPrimary"},"errorLabelSet":{},"level":"error","message":"MongoDB connection error: Could not connect to any servers in your MongoDB Atlas cluster. One common reason is that you're trying to access the database from an IP that isn't whitelisted. Make sure your current IP address is on your Atlas cluster's IP whitelist: https://www.mongodb.com/docs/atlas/security-whitelist/","reason":{"commonWireVersion":0,"compatible":true,"heartbeatFrequencyMS":10000,"localThresholdMS":15,"logicalSessionTimeoutMinutes":null,"maxElectionId":null,"maxSetVersion":null,"servers":{"ac-hir92hi-shard-00-00.reaiec3.mongodb.net:27017":{"$clusterTime":null,"address":"ac-hir92hi-shard-00-00.reaiec3.mongodb.net:27017","arbiters":[],"electionId":null,"error":{"beforeHandshake":false,"errorLabelSet":{}},"hosts":[],"iscryptd":false,"lastUpdateTime":423543034,"lastWriteDate":0,"logicalSessionTimeoutMinutes":null,"maxBsonObjectSize":null,"maxMessageSizeBytes":null,"maxWireVersion":0,"maxWriteBatchSize":null,"me":null,"minRoundTripTime":0,"minWireVersion":0,"passives":[],"primary":null,"roundTripTime":-1,"setName":null,"setVersion":null,"tags":{},"topologyVersion":null,"type":"Unknown"},"ac-hir92hi-shard-00-01.reaiec3.mongodb.net:27017":{"$clusterTime":null,"address":"ac-hir92hi-shard-00-01.reaiec3.mongodb.net:27017","arbiters":[],"electionId":null,"error":{"beforeHandshake":false,"errorLabelSet":{}},"hosts":[],"iscryptd":false,"lastUpdateTime":423543230,"lastWriteDate":0,"logicalSessionTimeoutMinutes":null,"maxBsonObjectSize":null,"maxMessageSizeBytes":null,"maxWireVersion":0,"maxWriteBatchSize":null,"me":null,"minRoundTripTime":0,"minWireVersion":0,"passives":[],"primary":null,"roundTripTime":-1,"setName":null,"setVersion":null,"tags":{},"topologyVersion":null,"type":"Unknown"},"ac-hir92hi-shard-00-02.reaiec3.mongodb.net:27017":{"$clusterTime":null,"address":"ac-hir92hi-shard-00-02.reaiec3.mongodb.net:27017","arbiters":[],"electionId":null,"error":{"beforeHandshake":false,"errorLabelSet":{}},"hosts":[],"iscryptd":false,"lastUpdateTime":423543034,"lastWriteDate":0,"logicalSessionTimeoutMinutes":null,"maxBsonObjectSize":null,"maxMessageSizeBytes":null,"maxWireVersion":0,"maxWriteBatchSize":null,"me":null,"minRoundTripTime":0,"minWireVersion":0,"passives":[],"primary":null,"roundTripTime":-1,"setName":null,"setVersion":null,"tags":{},"topologyVersion":null,"type":"Unknown"}},"setName":"atlas-x25jhg-shard-0","stale":false,"type":"ReplicaSetNoPrimary"},"service":"diamond-house-cleaning-api","stack":"MongooseServerSelectionError: Could not connect to any servers in your MongoDB Atlas cluster. One common reason is that you're trying to access the database from an IP that isn't whitelisted. Make sure your current IP address is on your Atlas cluster's IP whitelist: https://www.mongodb.com/docs/atlas/security-whitelist/\n    at _handleConnectionErrors (c:\\diamond house\\Diamond Websites\\diamond-house-cleaning\\server\\node_modules\\mongoose\\lib\\connection.js:1169:11)\n    at NativeConnection.openUri (c:\\diamond house\\Diamond Websites\\diamond-house-cleaning\\server\\node_modules\\mongoose\\lib\\connection.js:1100:11)","timestamp":"2025-12-01T05:04:37.497Z"}
